<?xml version="1.0" encoding="UTF-8"?>
<!-- Generated by org.testng.reporters.JUnitReportReporter -->
<testsuite hostname="DESKTOP-2LVTPIB" failures="0" tests="1" name="com.tests.finalTest.EndToEnd" time="25.125" errors="0" timestamp="2022-02-21T17:30:10 CST" skipped="0">
  <testcase classname="com.tests.finalTest.EndToEnd" name="endToEnd" time="25.125"/>
  <system-out/>
</testsuite> <!-- com.tests.finalTest.EndToEnd -->
