<?xml version="1.0" encoding="UTF-8"?>
<!-- Generated by org.testng.reporters.JUnitReportReporter -->
<testsuite hostname="DESKTOP-2LVTPIB" failures="0" tests="1" name="sampleTest.SampleTesting" time="3.551" errors="0" timestamp="2022-02-17T09:50:07 CST" skipped="0">
  <testcase classname="sampleTest.SampleTesting" name="get7thUser" time="3.551"/>
  <system-out/>
</testsuite> <!-- sampleTest.SampleTesting -->
