<?xml version="1.0" encoding="UTF-8"?>
<!-- Generated by org.testng.reporters.JUnitReportReporter -->
<testsuite hostname="DESKTOP-2LVTPIB" failures="0" tests="1" name="sampleTest.Rest_GetCreateUpdateDelete" time="9.709" errors="0" timestamp="2022-02-20T08:49:11 CST" skipped="0">
  <testcase classname="sampleTest.Rest_GetCreateUpdateDelete" name="addUserPojo" time="9.709"/>
  <system-out/>
</testsuite> <!-- sampleTest.Rest_GetCreateUpdateDelete -->
